test
test
test
test
test
test
moderate get page:1
moderate get page:3
disable get page:1
disable get page:1
moderate get page:1
moderate get page:4
disable get page:1
moderate get page:1
moderate get page:1
moderate get page:4
moderate get page:5
moderate get page:1
moderate get page:2
moderate get page:3
moderate get page:3
moderate get page:4
moderate get page:5
disable get page:5
moderate get page:5
moderate get page:5
moderate get page:5
test
test
test
test
test
test
moderate get page:1
moderate get page:1
test
test
test
test
test
test
test
/static/favicon.ico
/static/favicon.ico
/static/favicon.ico?size=1
/static/favicon.ico?size=1
/static/favicon.ico?size=1
/static/favicon.ico?size=1
/static/favicon.ico?size=1
/static/favicon.ico?size=1
/static/favicon.ico?size=1
4667
330026
1684533
test
test
89878
test
moderate get page:1
test
89878
1843726
37725
11612
/static/avatar/danny_20150803.jpg
/static/avatar/danny_20150803.jpg
/static/avatar/danny_20150803.jpg
/static/avatar/danny_20150803.jpg
/static/favicon.ico
/static/favicon.ico
<type 'str'>
test
<type 'unicode'>
<type 'unicode'>
test
<type 'unicode'>
<type 'unicode'>
test
<type 'unicode'>
<type 'unicode'>
test
/static/avatar/danny_20150803.jpg
/static/avatar/danny_20150803.jpg
test
test
test
/static/avatar/danny_20150803.jpg
<type 'str'>
<type 'str'>
<type 'str'>
<type 'str'>
<type 'str'>
<type 'str'>
<type 'str'>
<type 'str'>
<type 'str'>
<type 'str'>
89878
<type 'str'>
<type 'str'>
<type 'str'>
<type 'str'>
<type 'str'>
<type 'str'>
<type 'str'>
<type 'str'>
<type 'str'>
<type 'str'>
test
<type 'str'>
<type 'str'>
<type 'str'>
89878
test
test
test
test
118958
test
moderate get page:1
moderate get page:1
test
moderate get page:1
moderate get page:2
moderate get page:1
test
moderate get page:1
test
90369
test
test
test
test
89878
test
test
test
test
test
test
test
test
test
test
test
test
test
test
test
test
